android/app/build/intermediates/manifest_merge_blame_file/debug/processDebugMainManifest/manifest-merger-blame-debug-report.txt
1<?xml version="1.0" encoding="utf-8"?>
2<manifest xmlns:android="http://schemas.android.com/apk/res/android"
3    package="com.aces.fueldriver"
4    android:versionCode="1"
5    android:versionName="1.0" >
6
7    <uses-sdk
8        android:minSdkVersion="23"
9        android:targetSdkVersion="35" />
10
11    <!-- Permissions -->
12
13    <uses-permission android:name="android.permission.INTERNET" />
13-->src\main\AndroidManifest.xml:40:5-67
13-->src\main\AndroidManifest.xml:40:22-64
14
15    <queries>
15-->[:capacitor-camera] AndroidManifest.xml:7:5-11:15
16        <intent>
16-->[:capacitor-camera] AndroidManifest.xml:8:9-10:18
17            <action android:name="android.media.action.IMAGE_CAPTURE" />
17-->[:capacitor-camera] AndroidManifest.xml:9:13-73
17-->[:capacitor-camera] AndroidManifest.xml:9:21-70
18        </intent>
19    </queries>
20
21    <uses-permission android:name="android.permission.RECEIVE_BOOT_COMPLETED" />
21-->[:capacitor-local-notifications] AndroidManifest.xml:7:5-81
21-->[:capacitor-local-notifications] AndroidManifest.xml:7:22-78
22    <uses-permission android:name="android.permission.WAKE_LOCK" />
22-->[:capacitor-local-notifications] AndroidManifest.xml:8:5-68
22-->[:capacitor-local-notifications] AndroidManifest.xml:8:22-65
23    <uses-permission android:name="android.permission.POST_NOTIFICATIONS" />
23-->[:capacitor-local-notifications] AndroidManifest.xml:9:5-77
23-->[:capacitor-local-notifications] AndroidManifest.xml:9:22-74
24    <uses-permission android:name="android.permission.ACCESS_NETWORK_STATE" /> <!-- Required by older versions of Google Play services to create IID tokens -->
24-->[com.google.firebase:firebase-messaging:24.1.0] AndroidManifest.xml:22:5-79
24-->[com.google.firebase:firebase-messaging:24.1.0] AndroidManifest.xml:22:22-76
25    <uses-permission android:name="com.google.android.c2dm.permission.RECEIVE" />
25-->[com.google.firebase:firebase-messaging:24.1.0] AndroidManifest.xml:26:5-82
25-->[com.google.firebase:firebase-messaging:24.1.0] AndroidManifest.xml:26:22-79
26
27    <permission
27-->[androidx.core:core:1.15.0] AndroidManifest.xml:22:5-24:47
28        android:name="com.aces.fueldriver.DYNAMIC_RECEIVER_NOT_EXPORTED_PERMISSION"
28-->[androidx.core:core:1.15.0] AndroidManifest.xml:23:9-81
29        android:protectionLevel="signature" />
29-->[androidx.core:core:1.15.0] AndroidManifest.xml:24:9-44
30
31    <uses-permission android:name="com.aces.fueldriver.DYNAMIC_RECEIVER_NOT_EXPORTED_PERMISSION" />
31-->[androidx.core:core:1.15.0] AndroidManifest.xml:26:5-97
31-->[androidx.core:core:1.15.0] AndroidManifest.xml:26:22-94
32
33    <application
33-->src\main\AndroidManifest.xml:4:5-36:19
34        android:allowBackup="true"
34-->src\main\AndroidManifest.xml:5:9-35
35        android:appComponentFactory="androidx.core.app.CoreComponentFactory"
35-->[androidx.core:core:1.15.0] AndroidManifest.xml:28:18-86
36        android:debuggable="true"
37        android:extractNativeLibs="false"
38        android:icon="@mipmap/ic_launcher"
38-->src\main\AndroidManifest.xml:6:9-43
39        android:label="@string/app_name"
39-->src\main\AndroidManifest.xml:7:9-41
40        android:roundIcon="@mipmap/ic_launcher_round"
40-->src\main\AndroidManifest.xml:8:9-54
41        android:supportsRtl="true"
41-->src\main\AndroidManifest.xml:9:9-35
42        android:testOnly="true"
43        android:theme="@style/AppTheme" >
43-->src\main\AndroidManifest.xml:10:9-40
44        <activity
44-->src\main\AndroidManifest.xml:12:9-25:20
45            android:name="com.aces.fueldriver.MainActivity"
45-->src\main\AndroidManifest.xml:14:13-41
46            android:configChanges="orientation|keyboardHidden|keyboard|screenSize|locale|smallestScreenSize|screenLayout|uiMode|navigation"
46-->src\main\AndroidManifest.xml:13:13-140
47            android:exported="true"
47-->src\main\AndroidManifest.xml:18:13-36
48            android:label="@string/title_activity_main"
48-->src\main\AndroidManifest.xml:15:13-56
49            android:launchMode="singleTask"
49-->src\main\AndroidManifest.xml:17:13-44
50            android:theme="@style/AppTheme.NoActionBarLaunch" >
50-->src\main\AndroidManifest.xml:16:13-62
51            <intent-filter>
51-->src\main\AndroidManifest.xml:20:13-23:29
52                <action android:name="android.intent.action.MAIN" />
52-->src\main\AndroidManifest.xml:21:17-69
52-->src\main\AndroidManifest.xml:21:25-66
53
54                <category android:name="android.intent.category.LAUNCHER" />
54-->src\main\AndroidManifest.xml:22:17-77
54-->src\main\AndroidManifest.xml:22:27-74
55            </intent-filter>
56        </activity>
57
58        <provider
59            android:name="androidx.core.content.FileProvider"
59-->src\main\AndroidManifest.xml:28:13-62
60            android:authorities="com.aces.fueldriver.fileprovider"
60-->src\main\AndroidManifest.xml:29:13-64
61            android:exported="false"
61-->src\main\AndroidManifest.xml:30:13-37
62            android:grantUriPermissions="true" >
62-->src\main\AndroidManifest.xml:31:13-47
63            <meta-data
63-->src\main\AndroidManifest.xml:32:13-34:64
64                android:name="android.support.FILE_PROVIDER_PATHS"
64-->src\main\AndroidManifest.xml:33:17-67
65                android:resource="@xml/file_paths" />
65-->src\main\AndroidManifest.xml:34:17-51
66        </provider>
67
68        <receiver android:name="com.capacitorjs.plugins.localnotifications.TimedNotificationPublisher" />
68-->[:capacitor-local-notifications] AndroidManifest.xml:12:9-106
68-->[:capacitor-local-notifications] AndroidManifest.xml:12:19-103
69        <receiver android:name="com.capacitorjs.plugins.localnotifications.NotificationDismissReceiver" />
69-->[:capacitor-local-notifications] AndroidManifest.xml:13:9-107
69-->[:capacitor-local-notifications] AndroidManifest.xml:13:19-104
70        <receiver
70-->[:capacitor-local-notifications] AndroidManifest.xml:14:9-23:20
71            android:name="com.capacitorjs.plugins.localnotifications.LocalNotificationRestoreReceiver"
71-->[:capacitor-local-notifications] AndroidManifest.xml:15:13-103
72            android:directBootAware="true"
72-->[:capacitor-local-notifications] AndroidManifest.xml:16:13-43
73            android:exported="false" >
73-->[:capacitor-local-notifications] AndroidManifest.xml:17:13-37
74            <intent-filter>
74-->[:capacitor-local-notifications] AndroidManifest.xml:18:13-22:29
75                <action android:name="android.intent.action.LOCKED_BOOT_COMPLETED" />
75-->[:capacitor-local-notifications] AndroidManifest.xml:19:17-86
75-->[:capacitor-local-notifications] AndroidManifest.xml:19:25-83
76                <action android:name="android.intent.action.BOOT_COMPLETED" />
76-->[:capacitor-local-notifications] AndroidManifest.xml:20:17-79
76-->[:capacitor-local-notifications] AndroidManifest.xml:20:25-76
77                <action android:name="android.intent.action.QUICKBOOT_POWERON" />
77-->[:capacitor-local-notifications] AndroidManifest.xml:21:17-82
77-->[:capacitor-local-notifications] AndroidManifest.xml:21:25-79
78            </intent-filter>
79        </receiver>
80
81        <service
81-->[:capacitor-push-notifications] AndroidManifest.xml:8:9-14:19
82            android:name="com.capacitorjs.plugins.pushnotifications.MessagingService"
82-->[:capacitor-push-notifications] AndroidManifest.xml:9:13-86
83            android:exported="false" >
83-->[:capacitor-push-notifications] AndroidManifest.xml:10:13-37
84            <intent-filter>
84-->[:capacitor-push-notifications] AndroidManifest.xml:11:13-13:29
85                <action android:name="com.google.firebase.MESSAGING_EVENT" />
85-->[:capacitor-push-notifications] AndroidManifest.xml:12:17-78
85-->[:capacitor-push-notifications] AndroidManifest.xml:12:25-75
86            </intent-filter>
87        </service>
88
89        <receiver
89-->[com.google.firebase:firebase-messaging:24.1.0] AndroidManifest.xml:29:9-40:20
90            android:name="com.google.firebase.iid.FirebaseInstanceIdReceiver"
90-->[com.google.firebase:firebase-messaging:24.1.0] AndroidManifest.xml:30:13-78
91            android:exported="true"
91-->[com.google.firebase:firebase-messaging:24.1.0] AndroidManifest.xml:31:13-36
92            android:permission="com.google.android.c2dm.permission.SEND" >
92-->[com.google.firebase:firebase-messaging:24.1.0] AndroidManifest.xml:32:13-73
93            <intent-filter>
93-->[com.google.firebase:firebase-messaging:24.1.0] AndroidManifest.xml:33:13-35:29
94                <action android:name="com.google.android.c2dm.intent.RECEIVE" />
94-->[com.google.firebase:firebase-messaging:24.1.0] AndroidManifest.xml:34:17-81
94-->[com.google.firebase:firebase-messaging:24.1.0] AndroidManifest.xml:34:25-78
95            </intent-filter>
96
97            <meta-data
97-->[com.google.firebase:firebase-messaging:24.1.0] AndroidManifest.xml:37:13-39:40
98                android:name="com.google.android.gms.cloudmessaging.FINISHED_AFTER_HANDLED"
98-->[com.google.firebase:firebase-messaging:24.1.0] AndroidManifest.xml:38:17-92
99                android:value="true" />
99-->[com.google.firebase:firebase-messaging:24.1.0] AndroidManifest.xml:39:17-37
100        </receiver>
101        <!--
102             FirebaseMessagingService performs security checks at runtime,
103             but set to not exported to explicitly avoid allowing another app to call it.
104        -->
105        <service
105-->[com.google.firebase:firebase-messaging:24.1.0] AndroidManifest.xml:46:9-53:19
106            android:name="com.google.firebase.messaging.FirebaseMessagingService"
106-->[com.google.firebase:firebase-messaging:24.1.0] AndroidManifest.xml:47:13-82
107            android:directBootAware="true"
107-->[com.google.firebase:firebase-messaging:24.1.0] AndroidManifest.xml:48:13-43
108            android:exported="false" >
108-->[com.google.firebase:firebase-messaging:24.1.0] AndroidManifest.xml:49:13-37
109            <intent-filter android:priority="-500" >
109-->[:capacitor-push-notifications] AndroidManifest.xml:11:13-13:29
110                <action android:name="com.google.firebase.MESSAGING_EVENT" />
110-->[:capacitor-push-notifications] AndroidManifest.xml:12:17-78
110-->[:capacitor-push-notifications] AndroidManifest.xml:12:25-75
111            </intent-filter>
112        </service>
113        <service
113-->[com.google.firebase:firebase-messaging:24.1.0] AndroidManifest.xml:54:9-63:19
114            android:name="com.google.firebase.components.ComponentDiscoveryService"
114-->[com.google.firebase:firebase-messaging:24.1.0] AndroidManifest.xml:55:13-84
115            android:directBootAware="true"
115-->[com.google.firebase:firebase-common:21.0.0] AndroidManifest.xml:32:13-43
116            android:exported="false" >
116-->[com.google.firebase:firebase-messaging:24.1.0] AndroidManifest.xml:56:13-37
117            <meta-data
117-->[com.google.firebase:firebase-messaging:24.1.0] AndroidManifest.xml:57:13-59:85
118                android:name="com.google.firebase.components:com.google.firebase.messaging.FirebaseMessagingKtxRegistrar"
118-->[com.google.firebase:firebase-messaging:24.1.0] AndroidManifest.xml:58:17-122
119                android:value="com.google.firebase.components.ComponentRegistrar" />
119-->[com.google.firebase:firebase-messaging:24.1.0] AndroidManifest.xml:59:17-82
120            <meta-data
120-->[com.google.firebase:firebase-messaging:24.1.0] AndroidManifest.xml:60:13-62:85
121                android:name="com.google.firebase.components:com.google.firebase.messaging.FirebaseMessagingRegistrar"
121-->[com.google.firebase:firebase-messaging:24.1.0] AndroidManifest.xml:61:17-119
122                android:value="com.google.firebase.components.ComponentRegistrar" />
122-->[com.google.firebase:firebase-messaging:24.1.0] AndroidManifest.xml:62:17-82
123            <meta-data
123-->[com.google.firebase:firebase-installations:17.2.0] AndroidManifest.xml:15:13-17:85
124                android:name="com.google.firebase.components:com.google.firebase.installations.FirebaseInstallationsKtxRegistrar"
124-->[com.google.firebase:firebase-installations:17.2.0] AndroidManifest.xml:16:17-130
125                android:value="com.google.firebase.components.ComponentRegistrar" />
125-->[com.google.firebase:firebase-installations:17.2.0] AndroidManifest.xml:17:17-82
126            <meta-data
126-->[com.google.firebase:firebase-installations:17.2.0] AndroidManifest.xml:18:13-20:85
127                android:name="com.google.firebase.components:com.google.firebase.installations.FirebaseInstallationsRegistrar"
127-->[com.google.firebase:firebase-installations:17.2.0] AndroidManifest.xml:19:17-127
128                android:value="com.google.firebase.components.ComponentRegistrar" />
128-->[com.google.firebase:firebase-installations:17.2.0] AndroidManifest.xml:20:17-82
129            <meta-data
129-->[com.google.firebase:firebase-common-ktx:21.0.0] AndroidManifest.xml:12:13-14:85
130                android:name="com.google.firebase.components:com.google.firebase.ktx.FirebaseCommonLegacyRegistrar"
130-->[com.google.firebase:firebase-common-ktx:21.0.0] AndroidManifest.xml:13:17-116
131                android:value="com.google.firebase.components.ComponentRegistrar" />
131-->[com.google.firebase:firebase-common-ktx:21.0.0] AndroidManifest.xml:14:17-82
132            <meta-data
132-->[com.google.firebase:firebase-common:21.0.0] AndroidManifest.xml:35:13-37:85
133                android:name="com.google.firebase.components:com.google.firebase.FirebaseCommonKtxRegistrar"
133-->[com.google.firebase:firebase-common:21.0.0] AndroidManifest.xml:36:17-109
134                android:value="com.google.firebase.components.ComponentRegistrar" />
134-->[com.google.firebase:firebase-common:21.0.0] AndroidManifest.xml:37:17-82
135            <meta-data
135-->[com.google.firebase:firebase-datatransport:18.2.0] AndroidManifest.xml:25:13-27:85
136                android:name="com.google.firebase.components:com.google.firebase.datatransport.TransportRegistrar"
136-->[com.google.firebase:firebase-datatransport:18.2.0] AndroidManifest.xml:26:17-115
137                android:value="com.google.firebase.components.ComponentRegistrar" />
137-->[com.google.firebase:firebase-datatransport:18.2.0] AndroidManifest.xml:27:17-82
138        </service>
139
140        <activity
140-->[com.google.android.gms:play-services-base:18.0.1] AndroidManifest.xml:20:9-22:45
141            android:name="com.google.android.gms.common.api.GoogleApiActivity"
141-->[com.google.android.gms:play-services-base:18.0.1] AndroidManifest.xml:20:19-85
142            android:exported="false"
142-->[com.google.android.gms:play-services-base:18.0.1] AndroidManifest.xml:22:19-43
143            android:theme="@android:style/Theme.Translucent.NoTitleBar" />
143-->[com.google.android.gms:play-services-base:18.0.1] AndroidManifest.xml:21:19-78
144
145        <provider
145-->[com.google.firebase:firebase-common:21.0.0] AndroidManifest.xml:23:9-28:39
146            android:name="com.google.firebase.provider.FirebaseInitProvider"
146-->[com.google.firebase:firebase-common:21.0.0] AndroidManifest.xml:24:13-77
147            android:authorities="com.aces.fueldriver.firebaseinitprovider"
147-->[com.google.firebase:firebase-common:21.0.0] AndroidManifest.xml:25:13-72
148            android:directBootAware="true"
148-->[com.google.firebase:firebase-common:21.0.0] AndroidManifest.xml:26:13-43
149            android:exported="false"
149-->[com.google.firebase:firebase-common:21.0.0] AndroidManifest.xml:27:13-37
150            android:initOrder="100" />
150-->[com.google.firebase:firebase-common:21.0.0] AndroidManifest.xml:28:13-36
151        <provider
151-->[androidx.emoji2:emoji2:1.3.0] AndroidManifest.xml:24:9-32:20
152            android:name="androidx.startup.InitializationProvider"
152-->[androidx.emoji2:emoji2:1.3.0] AndroidManifest.xml:25:13-67
153            android:authorities="com.aces.fueldriver.androidx-startup"
153-->[androidx.emoji2:emoji2:1.3.0] AndroidManifest.xml:26:13-68
154            android:exported="false" >
154-->[androidx.emoji2:emoji2:1.3.0] AndroidManifest.xml:27:13-37
155            <meta-data
155-->[androidx.emoji2:emoji2:1.3.0] AndroidManifest.xml:29:13-31:52
156                android:name="androidx.emoji2.text.EmojiCompatInitializer"
156-->[androidx.emoji2:emoji2:1.3.0] AndroidManifest.xml:30:17-75
157                android:value="androidx.startup" />
157-->[androidx.emoji2:emoji2:1.3.0] AndroidManifest.xml:31:17-49
158            <meta-data
158-->[androidx.lifecycle:lifecycle-process:2.6.2] AndroidManifest.xml:29:13-31:52
159                android:name="androidx.lifecycle.ProcessLifecycleInitializer"
159-->[androidx.lifecycle:lifecycle-process:2.6.2] AndroidManifest.xml:30:17-78
160                android:value="androidx.startup" />
160-->[androidx.lifecycle:lifecycle-process:2.6.2] AndroidManifest.xml:31:17-49
161            <meta-data
161-->[androidx.profileinstaller:profileinstaller:1.3.1] AndroidManifest.xml:29:13-31:52
162                android:name="androidx.profileinstaller.ProfileInstallerInitializer"
162-->[androidx.profileinstaller:profileinstaller:1.3.1] AndroidManifest.xml:30:17-85
163                android:value="androidx.startup" />
163-->[androidx.profileinstaller:profileinstaller:1.3.1] AndroidManifest.xml:31:17-49
164        </provider>
165
166        <meta-data
166-->[com.google.android.gms:play-services-basement:18.3.0] AndroidManifest.xml:21:9-23:69
167            android:name="com.google.android.gms.version"
167-->[com.google.android.gms:play-services-basement:18.3.0] AndroidManifest.xml:22:13-58
168            android:value="@integer/google_play_services_version" />
168-->[com.google.android.gms:play-services-basement:18.3.0] AndroidManifest.xml:23:13-66
169
170        <receiver
170-->[androidx.profileinstaller:profileinstaller:1.3.1] AndroidManifest.xml:34:9-52:20
171            android:name="androidx.profileinstaller.ProfileInstallReceiver"
171-->[androidx.profileinstaller:profileinstaller:1.3.1] AndroidManifest.xml:35:13-76
172            android:directBootAware="false"
172-->[androidx.profileinstaller:profileinstaller:1.3.1] AndroidManifest.xml:36:13-44
173            android:enabled="true"
173-->[androidx.profileinstaller:profileinstaller:1.3.1] AndroidManifest.xml:37:13-35
174            android:exported="true"
174-->[androidx.profileinstaller:profileinstaller:1.3.1] AndroidManifest.xml:38:13-36
175            android:permission="android.permission.DUMP" >
175-->[androidx.profileinstaller:profileinstaller:1.3.1] AndroidManifest.xml:39:13-57
176            <intent-filter>
176-->[androidx.profileinstaller:profileinstaller:1.3.1] AndroidManifest.xml:40:13-42:29
177                <action android:name="androidx.profileinstaller.action.INSTALL_PROFILE" />
177-->[androidx.profileinstaller:profileinstaller:1.3.1] AndroidManifest.xml:41:17-91
177-->[androidx.profileinstaller:profileinstaller:1.3.1] AndroidManifest.xml:41:25-88
178            </intent-filter>
179            <intent-filter>
179-->[androidx.profileinstaller:profileinstaller:1.3.1] AndroidManifest.xml:43:13-45:29
180                <action android:name="androidx.profileinstaller.action.SKIP_FILE" />
180-->[androidx.profileinstaller:profileinstaller:1.3.1] AndroidManifest.xml:44:17-85
180-->[androidx.profileinstaller:profileinstaller:1.3.1] AndroidManifest.xml:44:25-82
181            </intent-filter>
182            <intent-filter>
182-->[androidx.profileinstaller:profileinstaller:1.3.1] AndroidManifest.xml:46:13-48:29
183                <action android:name="androidx.profileinstaller.action.SAVE_PROFILE" />
183-->[androidx.profileinstaller:profileinstaller:1.3.1] AndroidManifest.xml:47:17-88
183-->[androidx.profileinstaller:profileinstaller:1.3.1] AndroidManifest.xml:47:25-85
184            </intent-filter>
185            <intent-filter>
185-->[androidx.profileinstaller:profileinstaller:1.3.1] AndroidManifest.xml:49:13-51:29
186                <action android:name="androidx.profileinstaller.action.BENCHMARK_OPERATION" />
186-->[androidx.profileinstaller:profileinstaller:1.3.1] AndroidManifest.xml:50:17-95
186-->[androidx.profileinstaller:profileinstaller:1.3.1] AndroidManifest.xml:50:25-92
187            </intent-filter>
188        </receiver>
189
190        <service
190-->[com.google.android.datatransport:transport-backend-cct:3.1.9] AndroidManifest.xml:28:9-34:19
191            android:name="com.google.android.datatransport.runtime.backends.TransportBackendDiscovery"
191-->[com.google.android.datatransport:transport-backend-cct:3.1.9] AndroidManifest.xml:29:13-103
192            android:exported="false" >
192-->[com.google.android.datatransport:transport-backend-cct:3.1.9] AndroidManifest.xml:30:13-37
193            <meta-data
193-->[com.google.android.datatransport:transport-backend-cct:3.1.9] AndroidManifest.xml:31:13-33:39
194                android:name="backend:com.google.android.datatransport.cct.CctBackendFactory"
194-->[com.google.android.datatransport:transport-backend-cct:3.1.9] AndroidManifest.xml:32:17-94
195                android:value="cct" />
195-->[com.google.android.datatransport:transport-backend-cct:3.1.9] AndroidManifest.xml:33:17-36
196        </service>
197        <service
197-->[com.google.android.datatransport:transport-runtime:3.1.9] AndroidManifest.xml:26:9-30:19
198            android:name="com.google.android.datatransport.runtime.scheduling.jobscheduling.JobInfoSchedulerService"
198-->[com.google.android.datatransport:transport-runtime:3.1.9] AndroidManifest.xml:27:13-117
199            android:exported="false"
199-->[com.google.android.datatransport:transport-runtime:3.1.9] AndroidManifest.xml:28:13-37
200            android:permission="android.permission.BIND_JOB_SERVICE" >
200-->[com.google.android.datatransport:transport-runtime:3.1.9] AndroidManifest.xml:29:13-69
201        </service>
202
203        <receiver
203-->[com.google.android.datatransport:transport-runtime:3.1.9] AndroidManifest.xml:32:9-34:40
204            android:name="com.google.android.datatransport.runtime.scheduling.jobscheduling.AlarmManagerSchedulerBroadcastReceiver"
204-->[com.google.android.datatransport:transport-runtime:3.1.9] AndroidManifest.xml:33:13-132
205            android:exported="false" />
205-->[com.google.android.datatransport:transport-runtime:3.1.9] AndroidManifest.xml:34:13-37
206    </application>
207
208</manifest>